<?xml version="1.0" encoding="UTF-8"?>
<!-- Generated by org.testng.reporters.JUnitReportReporter -->
<testsuite hostname="Lenovo" failures="0" tests="2" name="Prasanna.CucumberCourse.TestRunner" time="8.514" errors="0" timestamp="2023-12-16T18:00:34 IST" skipped="0">
  <testcase classname="Prasanna.CucumberCourse.TestRunner" name="runScenario" time="8.506"/>
  <testcase classname="Prasanna.CucumberCourse.TestRunner" name="runScenario" time="0.008"/>
</testsuite> <!-- Prasanna.CucumberCourse.TestRunner -->
